<?xml version="1.0" encoding="UTF-8"?>
<!-- Generated by org.testng.reporters.JUnitReportReporter -->
<testsuite skipped="0" hostname="LT-53JXL63" name="tests.SmokeTest" tests="1" failures="0" timestamp="2022-04-29T10:22:57 IST" time="7.128" errors="0">
  <testcase name="firstMethod" time="7.128" classname="tests.SmokeTest"/>
  <system-out/>
</testsuite> <!-- tests.SmokeTest -->
